...
----------------------------------------------------------------------
Ran 3 tests in 0.001s

OK
Run started:2022-05-25 21:11:25.198161

Test results:
	No issues identified.

Code scanned:
	Total lines of code: 27
	Total lines skipped (#nosec): 0
	Total potential issues skipped due to specifically being disabled (e.g., #nosec BXXX): 0

Run metrics:
	Total issues (by severity):
		Undefined: 0
		Low: 0
		Medium: 0
		High: 0
	Total issues (by confidence):
		Undefined: 0
		Low: 0
		Medium: 0
		High: 0
Files skipped (0):
